<?xml version="1.0" encoding="UTF-8"?>
<testng-results skipped="0" failed="0" ignored="0" total="1" passed="1">
  <reporter-output>
  </reporter-output>
  <suite name="Default suite" duration-ms="13049" started-at="2019-05-26T18:45:42Z" finished-at="2019-05-26T18:45:55Z">
    <groups>
    </groups>
    <test name="Default test" duration-ms="13049" started-at="2019-05-26T18:45:42Z" finished-at="2019-05-26T18:45:55Z">
      <class name="com.guru99BankingApp.Testcase.TC_loginWithDeffirentData">
        <test-method status="PASS" signature="setUp()[pri:0, instance:com.guru99BankingApp.Testcase.TC_loginWithDeffirentData@1e397ed7]" name="setUp" is-config="true" duration-ms="10137" started-at="2019-05-26T19:45:42Z" finished-at="2019-05-26T19:45:52Z">
          <reporter-output>
          </reporter-output>
        </test-method> <!-- setUp -->
        <test-method status="PASS" signature="TC_logingTest()[pri:0, instance:com.guru99BankingApp.Testcase.TC_loginWithDeffirentData@1e397ed7]" name="TC_logingTest" duration-ms="1116" started-at="2019-05-26T19:45:54Z" finished-at="2019-05-26T19:45:55Z">
          <reporter-output>
          </reporter-output>
        </test-method> <!-- TC_logingTest -->
      </class> <!-- com.guru99BankingApp.Testcase.TC_loginWithDeffirentData -->
    </test> <!-- Default test -->
  </suite> <!-- Default suite -->
</testng-results>
